<?xml version="1.0" encoding="UTF-8"?>
<!-- Generated by org.testng.reporters.JUnitXMLReporter -->
<testsuite ignored="0" hostname="NB679" failures="4" tests="16" name="AuthServiceTest" time="2.105" errors="0" timestamp="2023-03-10T19:00:27 EET">
  <testcase classname="net.absoft.AuthenticationServiceTest" name="testInvalidAuthentication" time="0.0">
    <failure type="org.testng.TestNGException" message="
Cannot inject @Test annotated Method [testInvalidAuthentication] with [class java.lang.String, class java.lang.String, class net.absoft.data.Response].
For more information on native dependency injection please refer to https://testng.org/doc/documentation-main.html#native-dependency-injection">
      <![CDATA[org.testng.TestNGException: 
Cannot inject @Test annotated Method [testInvalidAuthentication] with [class java.lang.String, class java.lang.String, class net.absoft.data.Response].
For more information on native dependency injection please refer to https://testng.org/doc/documentation-main.html#native-dependency-injection
at java.base/java.util.concurrent.ThreadPoolExecutor.runWorker(ThreadPoolExecutor.java:1128)
at java.base/java.util.concurrent.ThreadPoolExecutor$Worker.run(ThreadPoolExecutor.java:628)
at java.base/java.lang.Thread.run(Thread.java:834)
... Removed 11 stack frames]]>
    </failure>
  </testcase> <!-- testInvalidAuthentication -->
  <testcase classname="net.absoft.AuthenticationServiceTest" name="testInvalidAuthentication" time="0.0">
    <failure type="org.testng.TestNGException" message="
Cannot inject @Test annotated Method [testInvalidAuthentication] with [class java.lang.String, class java.lang.String, class net.absoft.data.Response].
For more information on native dependency injection please refer to https://testng.org/doc/documentation-main.html#native-dependency-injection">
      <![CDATA[org.testng.TestNGException: 
Cannot inject @Test annotated Method [testInvalidAuthentication] with [class java.lang.String, class java.lang.String, class net.absoft.data.Response].
For more information on native dependency injection please refer to https://testng.org/doc/documentation-main.html#native-dependency-injection
at java.base/java.util.concurrent.ThreadPoolExecutor.runWorker(ThreadPoolExecutor.java:1128)
at java.base/java.util.concurrent.ThreadPoolExecutor$Worker.run(ThreadPoolExecutor.java:628)
at java.base/java.lang.Thread.run(Thread.java:834)
... Removed 11 stack frames]]>
    </failure>
  </testcase> <!-- testInvalidAuthentication -->
  <testcase classname="net.absoft.AuthenticationServiceTest" name="testAuthenticationWithEmptyEmail" time="0.025">
    <failure type="org.testng.internal.reflect.MethodMatcherException" message="
[public void net.absoft.AuthenticationServiceTest.testAuthenticationWithEmptyEmail()] has no parameters defined but was found to be using a data provider (either explicitly specified or inherited from class level annotation).
Data provider mismatch
Method: testAuthenticationWithEmptyEmail([])
Arguments: [(java.lang.String) user1@test.com,(java.lang.String) wrong_password,(net.absoft.data.Response) Response{code=401, message=&amp;apos;Invalid email or password&amp;apos;}]">
      <![CDATA[org.testng.internal.reflect.MethodMatcherException: 
[public void net.absoft.AuthenticationServiceTest.testAuthenticationWithEmptyEmail()] has no parameters defined but was found to be using a data provider (either explicitly specified or inherited from class level annotation).
Data provider mismatch
Method: testAuthenticationWithEmptyEmail([])
Arguments: [(java.lang.String) user1@test.com,(java.lang.String) wrong_password,(net.absoft.data.Response) Response{code=401, message='Invalid email or password'}]
at java.base/java.util.concurrent.ThreadPoolExecutor.runWorker(ThreadPoolExecutor.java:1128)
at java.base/java.util.concurrent.ThreadPoolExecutor$Worker.run(ThreadPoolExecutor.java:628)
at java.base/java.lang.Thread.run(Thread.java:834)
... Removed 7 stack frames]]>
    </failure>
  </testcase> <!-- testAuthenticationWithEmptyEmail -->
  <testcase classname="net.absoft.AuthenticationServiceTest" name="testAuthenticationWithEmptyEmail" time="0.014">
    <failure type="org.testng.internal.reflect.MethodMatcherException" message="
[public void net.absoft.AuthenticationServiceTest.testAuthenticationWithEmptyEmail()] has no parameters defined but was found to be using a data provider (either explicitly specified or inherited from class level annotation).
Data provider mismatch
Method: testAuthenticationWithEmptyEmail([])
Arguments: [(java.lang.String) user1@test.com,(java.lang.String) wrong_password,(net.absoft.data.Response) Response{code=401, message=&amp;apos;Invalid email or password&amp;apos;}]">
      <![CDATA[org.testng.internal.reflect.MethodMatcherException: 
[public void net.absoft.AuthenticationServiceTest.testAuthenticationWithEmptyEmail()] has no parameters defined but was found to be using a data provider (either explicitly specified or inherited from class level annotation).
Data provider mismatch
Method: testAuthenticationWithEmptyEmail([])
Arguments: [(java.lang.String) user1@test.com,(java.lang.String) wrong_password,(net.absoft.data.Response) Response{code=401, message='Invalid email or password'}]
at java.base/java.util.concurrent.ThreadPoolExecutor.runWorker(ThreadPoolExecutor.java:1128)
at java.base/java.util.concurrent.ThreadPoolExecutor$Worker.run(ThreadPoolExecutor.java:628)
at java.base/java.lang.Thread.run(Thread.java:834)
... Removed 7 stack frames]]>
    </failure>
  </testcase> <!-- testAuthenticationWithEmptyEmail -->
  <testcase classname="net.absoft.AuthenticationServiceTest" name="testAuthenticationWithInvalidEmail" time="0.009"/>
  <testcase classname="net.absoft.AuthenticationServiceTest" name="testAuthenticationWithInvalidEmail" time="0.0"/>
  <testcase classname="net.absoft.AuthenticationServiceTest" name="testSuccessfulAuthenticationWithUnderscore" time="0.005"/>
  <testcase classname="net.absoft.AuthenticationServiceTest" name="testSuccessfulAuthenticationWithUnderscore" time="0.001"/>
  <testcase classname="net.absoft.AuthenticationServiceTest" name="testAuthenticationWithEmptyPassword" time="0.001"/>
  <testcase classname="net.absoft.AuthenticationServiceTest" name="testAuthenticationWithEmptyPassword" time="0.002"/>
  <testcase classname="net.absoft.AuthenticationServiceTest" name="testSuccessfulAuthenticationWithDifferentCaseinPassword" time="0.002"/>
  <testcase classname="net.absoft.AuthenticationServiceTest" name="testSuccessfulAuthenticationWithDifferentCaseinPassword" time="0.0"/>
  <testcase classname="net.absoft.AuthenticationServiceTest" name="testSample" time="2.026"/>
  <testcase classname="net.absoft.AuthenticationServiceTest" name="testSample" time="2.026"/>
  <testcase classname="net.absoft.AuthenticationServiceTest" name="testSuccessfulAuthentication" time="2.013"/>
  <testcase classname="net.absoft.AuthenticationServiceTest" name="testSuccessfulAuthentication" time="2.013"/>
</testsuite> <!-- AuthServiceTest -->
